0 info it worked if it ends with ok
1 verbose cli [ 'C:\\Program Files\\nodejs\\node.exe',
1 verbose cli   'C:\\Program Files\\nodejs\\node_modules\\npm\\bin\\npm-cli.js',
1 verbose cli   'run',
1 verbose cli   'mocha' ]
2 info using npm@3.3.12
3 info using node@v5.5.0
4 verbose run-script [ 'premocha', 'mocha', 'postmocha' ]
5 info lifecycle contactList@0.0.1~premocha: contactList@0.0.1
6 silly lifecycle contactList@0.0.1~premocha: no script for premocha, continuing
7 info lifecycle contactList@0.0.1~mocha: contactList@0.0.1
8 verbose lifecycle contactList@0.0.1~mocha: unsafe-perm in lifecycle true
9 verbose lifecycle contactList@0.0.1~mocha: PATH: C:\Program Files\nodejs\node_modules\npm\bin\node-gyp-bin;C:\Users\Rejpal\Documents\brandEmbassy\react\contactList\node_modules\.bin;C:\Users\Rejpal\bin;C:\Program Files\Git\mingw64\bin;C:\Program Files\Git\usr\local\bin;C:\Program Files\Git\usr\bin;C:\Program Files\Git\usr\bin;C:\Program Files\Git\mingw64\bin;C:\Program Files\Git\usr\bin;C:\Users\Rejpal\bin;C:\Program Files (x86)\Embarcadero\Studio\18.0\bin;C:\Users\Public\Documents\Embarcadero\Studio\18.0\Bpl;C:\Program Files (x86)\Embarcadero\Studio\18.0\bin64;C:\Users\Public\Documents\Embarcadero\Studio\18.0\Bpl\Win64;C:\WINDOWS\system32;C:\WINDOWS;C:\WINDOWS\System32\Wbem;C:\WINDOWS\System32\WindowsPowerShell\v1.0;C:\Program Files (x86)\Skype\Phone;C:\Program Files\nodejs;C:\Program Files\OpenVPN\bin;C:\Program Files (x86)\Windows Kits\10\Windows Performance Toolkit;C:\Users\Rejpal\AppData\Roaming\npm;C:\Program Files\nodejs;C:\Program Files (x86)\Nmap;C:\Program Files\Git;C:\Program Files\Git\usr\bin;C:\Users\Rejpal\AppData\Local\atom\bin;C:\Program Files\Git\usr\bin\vendor_perl;C:\Program Files\Git\usr\bin\core_perl
10 verbose lifecycle contactList@0.0.1~mocha: CWD: C:\Users\Rejpal\Documents\brandEmbassy\react\contactList
11 silly lifecycle contactList@0.0.1~mocha: Args: [ '/d /s /c', 'mocha test/store_test.js' ]
12 silly lifecycle contactList@0.0.1~mocha: Returned: code: 1  signal: null
13 info lifecycle contactList@0.0.1~mocha: Failed to exec mocha script
14 verbose stack Error: contactList@0.0.1 mocha: `mocha test/store_test.js`
14 verbose stack Exit status 1
14 verbose stack     at EventEmitter.<anonymous> (C:\Program Files\nodejs\node_modules\npm\lib\utils\lifecycle.js:232:16)
14 verbose stack     at emitTwo (events.js:100:13)
14 verbose stack     at EventEmitter.emit (events.js:185:7)
14 verbose stack     at ChildProcess.<anonymous> (C:\Program Files\nodejs\node_modules\npm\lib\utils\spawn.js:24:14)
14 verbose stack     at emitTwo (events.js:100:13)
14 verbose stack     at ChildProcess.emit (events.js:185:7)
14 verbose stack     at maybeClose (internal/child_process.js:821:16)
14 verbose stack     at Process.ChildProcess._handle.onexit (internal/child_process.js:211:5)
15 verbose pkgid contactList@0.0.1
16 verbose cwd C:\Users\Rejpal\Documents\brandEmbassy\react\contactList
17 error Windows_NT 10.0.10586
18 error argv "C:\\Program Files\\nodejs\\node.exe" "C:\\Program Files\\nodejs\\node_modules\\npm\\bin\\npm-cli.js" "run" "mocha"
19 error node v5.5.0
20 error npm  v3.3.12
21 error code ELIFECYCLE
22 error contactList@0.0.1 mocha: `mocha test/store_test.js`
22 error Exit status 1
23 error Failed at the contactList@0.0.1 mocha script 'mocha test/store_test.js'.
23 error Make sure you have the latest version of node.js and npm installed.
23 error If you do, this is most likely a problem with the contactList package,
23 error not with npm itself.
23 error Tell the author that this fails on your system:
23 error     mocha test/store_test.js
23 error You can get their info via:
23 error     npm owner ls contactList
23 error There is likely additional logging output above.
24 verbose exit [ 1, true ]
